2019-03-08 15:50:22,419 [Worker-10] INFO  o.e.m.c.i.l.LifecycleMappingFactory - Using NULL lifecycle mapping for MavenProject: com.yanxi.anim.sys:anim-parent:0.0.1-SNAPSHOT @ G:\anim-v2\anim-sys\anim-parent\pom.xml.
2019-03-08 15:50:23,828 [Worker-10] INFO  o.e.m.c.i.l.LifecycleMappingFactory - Using org.eclipse.m2e.jdt.JarLifecycleMapping lifecycle mapping for MavenProject: com.yanxi.anim.sys:anim-common:0.0.1-SNAPSHOT @ G:\anim-v2\anim-sys\anim-common\pom.xml.
2019-03-08 15:50:24,439 [Worker-10] WARN  o.e.m.c.i.embedder.EclipseLogger - The artifact org.apache.commons:commons-io:jar:1.3.2 has been relocated to commons-io:commons-io:jar:1.3.2
2019-03-08 15:50:24,685 [Worker-10] INFO  o.e.m.c.i.l.LifecycleMappingFactory - Using org.maven.ide.eclipse.wtp.WarLifecycleMapping lifecycle mapping for MavenProject: com.yanxi.anim.sys:anim-console:0.0.1-SNAPSHOT @ G:\anim-v2\anim-sys\anim-console\pom.xml.
2019-03-08 15:50:24,855 [Worker-10] WARN  o.e.m.c.i.embedder.EclipseLogger - The POM for com.yanxi.anim.sys:anim-pojo:jar:0.0.1-SNAPSHOT is missing, no dependency information available
2019-03-08 15:50:25,508 [Worker-10] WARN  o.e.m.c.i.embedder.EclipseLogger - The artifact org.apache.commons:commons-io:jar:1.3.2 has been relocated to commons-io:commons-io:jar:1.3.2
2019-03-08 15:50:25,770 [Worker-10] INFO  o.e.m.c.i.l.LifecycleMappingFactory - Using org.eclipse.m2e.jdt.JarLifecycleMapping lifecycle mapping for MavenProject: com.yanxi.anim.sys:anim-interface:0.0.1-SNAPSHOT @ G:\anim-v2\anim-sys\anim-interface\pom.xml.
2019-03-08 15:50:25,930 [Worker-10] INFO  o.e.m.c.i.l.LifecycleMappingFactory - Using org.eclipse.m2e.jdt.JarLifecycleMapping lifecycle mapping for MavenProject: com.yanxi.anim.sys:anim-mapper:0.0.1-SNAPSHOT @ G:\anim-v2\anim-sys\anim-mapper\pom.xml.
2019-03-08 15:50:28,347 [Worker-10] WARN  o.e.m.c.i.embedder.EclipseLogger - The POM for com.yanxi.anim.sys:anim-pojo:jar:0.0.1-SNAPSHOT is missing, no dependency information available
2019-03-08 15:50:28,525 [Worker-10] WARN  o.e.m.c.i.embedder.EclipseLogger - The artifact org.apache.commons:commons-io:jar:1.3.2 has been relocated to commons-io:commons-io:jar:1.3.2
2019-03-08 15:50:32,455 [Worker-10] INFO  o.e.m.c.i.l.LifecycleMappingFactory - Using org.eclipse.m2e.jdt.JarLifecycleMapping lifecycle mapping for MavenProject: com.yanxi.anim.sys:anim-pojo:0.0.1-SNAPSHOT @ G:\anim-v2\anim-sys\anim-pojo\pom.xml.
2019-03-08 15:50:32,547 [Worker-10] INFO  o.e.m.c.i.l.LifecycleMappingFactory - Using org.eclipse.m2e.jdt.JarLifecycleMapping lifecycle mapping for MavenProject: com.yanxi.anim.sys:anim-interface:0.0.1-SNAPSHOT @ G:\anim-v2\anim-sys\anim-interface\pom.xml.
2019-03-08 15:50:33,087 [Worker-10] INFO  o.e.m.c.i.l.LifecycleMappingFactory - Using org.maven.ide.eclipse.wtp.WarLifecycleMapping lifecycle mapping for MavenProject: com.yanxi.anim.sys:anim-console:0.0.1-SNAPSHOT @ G:\anim-v2\anim-sys\anim-console\pom.xml.
2019-03-08 15:50:33,284 [Worker-10] WARN  o.e.m.c.i.embedder.EclipseLogger - The artifact org.apache.commons:commons-io:jar:1.3.2 has been relocated to commons-io:commons-io:jar:1.3.2
2019-03-08 15:50:33,546 [Worker-10] INFO  o.e.m.c.i.l.LifecycleMappingFactory - Using org.eclipse.m2e.jdt.JarLifecycleMapping lifecycle mapping for MavenProject: com.yanxi.anim.sys:anim-mapper:0.0.1-SNAPSHOT @ G:\anim-v2\anim-sys\anim-mapper\pom.xml.
2019-03-08 15:50:33,728 [Worker-10] WARN  o.e.m.c.i.embedder.EclipseLogger - The artifact org.apache.commons:commons-io:jar:1.3.2 has been relocated to commons-io:commons-io:jar:1.3.2
2019-03-08 15:50:34,262 [Worker-10] WARN  o.e.m.c.i.embedder.EclipseLogger - The artifact org.apache.commons:commons-io:jar:1.3.2 has been relocated to commons-io:commons-io:jar:1.3.2
2019-03-08 15:50:34,481 [Worker-10] WARN  o.e.m.c.i.embedder.EclipseLogger - The artifact org.apache.commons:commons-io:jar:1.3.2 has been relocated to commons-io:commons-io:jar:1.3.2
2019-03-08 15:50:35,803 [Worker-10] WARN  o.e.m.c.i.embedder.EclipseLogger - Using platform encoding (GBK actually) to copy filtered resources, i.e. build is platform dependent!
2019-03-08 15:50:35,823 [Worker-10] INFO  o.e.m.c.i.embedder.EclipseLogger - Copying 5 resources
2019-03-08 15:50:35,858 [Worker-10] WARN  o.e.m.c.i.embedder.EclipseLogger - Using platform encoding (GBK actually) to copy filtered resources, i.e. build is platform dependent!
2019-03-08 15:50:35,859 [Worker-10] INFO  o.e.m.c.i.embedder.EclipseLogger - Copying 0 resource
2019-03-08 15:50:38,980 [Worker-10] INFO  o.e.m.c.i.l.LifecycleMappingFactory - Using org.maven.ide.eclipse.wtp.WarLifecycleMapping lifecycle mapping for MavenProject: com.yanxi.anim.sys:anim-protal:0.0.1-SNAPSHOT @ G:\anim-v2\anim-sys\anim-protal\pom.xml.
2019-03-08 15:50:39,572 [Worker-10] WARN  o.e.m.c.i.embedder.EclipseLogger - The artifact org.apache.commons:commons-io:jar:1.3.2 has been relocated to commons-io:commons-io:jar:1.3.2
2019-03-08 15:50:40,472 [Worker-10] WARN  o.e.m.c.i.embedder.EclipseLogger - The artifact org.apache.commons:commons-io:jar:1.3.2 has been relocated to commons-io:commons-io:jar:1.3.2
2019-03-08 15:50:41,094 [Worker-10] WARN  o.e.m.c.i.embedder.EclipseLogger - Using platform encoding (GBK actually) to copy filtered resources, i.e. build is platform dependent!
2019-03-08 15:50:41,095 [Worker-10] INFO  o.e.m.c.i.embedder.EclipseLogger - Copying 8 resources
2019-03-08 15:50:41,167 [Worker-10] WARN  o.e.m.c.i.embedder.EclipseLogger - Using platform encoding (GBK actually) to copy filtered resources, i.e. build is platform dependent!
2019-03-08 15:50:41,168 [Worker-10] INFO  o.e.m.c.i.embedder.EclipseLogger - Copying 0 resource
2019-03-08 15:50:41,340 [Worker-10] INFO  o.e.m.c.i.l.LifecycleMappingFactory - Using org.maven.ide.eclipse.wtp.WarLifecycleMapping lifecycle mapping for MavenProject: com.yanxi.anim.sys:anim-solr:0.0.1-SNAPSHOT @ G:\anim-v2\anim-sys\anim-solr\pom.xml.
2019-03-08 15:50:41,521 [Worker-10] WARN  o.e.m.c.i.embedder.EclipseLogger - Using platform encoding (GBK actually) to copy filtered resources, i.e. build is platform dependent!
2019-03-08 15:50:41,522 [Worker-10] INFO  o.e.m.c.i.embedder.EclipseLogger - Copying 0 resource
2019-03-08 15:50:41,523 [Worker-10] WARN  o.e.m.c.i.embedder.EclipseLogger - Using platform encoding (GBK actually) to copy filtered resources, i.e. build is platform dependent!
2019-03-08 15:50:41,524 [Worker-10] INFO  o.e.m.c.i.embedder.EclipseLogger - Copying 0 resource
2019-03-08 15:50:41,927 [Worker-10] INFO  o.e.m.c.i.l.LifecycleMappingFactory - Using org.maven.ide.eclipse.wtp.WarLifecycleMapping lifecycle mapping for MavenProject: com.yanxi.anim.sys:anim-sso:0.0.1-SNAPSHOT @ G:\anim-v2\anim-sys\anim-sso\pom.xml.
2019-03-08 15:50:42,371 [Worker-10] WARN  o.e.m.c.i.embedder.EclipseLogger - The artifact org.apache.commons:commons-io:jar:1.3.2 has been relocated to commons-io:commons-io:jar:1.3.2
2019-03-08 15:50:43,234 [Worker-10] WARN  o.e.m.c.i.embedder.EclipseLogger - The artifact org.apache.commons:commons-io:jar:1.3.2 has been relocated to commons-io:commons-io:jar:1.3.2
2019-03-08 15:50:43,938 [Worker-10] WARN  o.e.m.c.i.embedder.EclipseLogger - Using platform encoding (GBK actually) to copy filtered resources, i.e. build is platform dependent!
2019-03-08 15:50:43,939 [Worker-10] INFO  o.e.m.c.i.embedder.EclipseLogger - Copying 6 resources
2019-03-08 15:50:44,002 [Worker-10] WARN  o.e.m.c.i.embedder.EclipseLogger - Using platform encoding (GBK actually) to copy filtered resources, i.e. build is platform dependent!
2019-03-08 15:50:44,013 [Worker-10] INFO  o.e.m.c.i.embedder.EclipseLogger - Copying 0 resource
2019-03-08 15:51:49,205 [Worker-11] WARN  o.e.m.c.i.embedder.EclipseLogger - Using platform encoding (GBK actually) to copy filtered resources, i.e. build is platform dependent!
2019-03-08 15:51:49,207 [Worker-11] INFO  o.e.m.c.i.embedder.EclipseLogger - Copying 0 resource
2019-03-08 15:51:49,208 [Worker-11] WARN  o.e.m.c.i.embedder.EclipseLogger - Using platform encoding (GBK actually) to copy filtered resources, i.e. build is platform dependent!
2019-03-08 15:51:49,208 [Worker-11] INFO  o.e.m.c.i.embedder.EclipseLogger - Copying 0 resource
2019-03-08 15:51:49,575 [Worker-11] WARN  o.e.m.c.i.embedder.EclipseLogger - Using platform encoding (GBK actually) to copy filtered resources, i.e. build is platform dependent!
2019-03-08 15:51:49,577 [Worker-11] INFO  o.e.m.c.i.embedder.EclipseLogger - Copying 0 resource
2019-03-08 15:51:49,578 [Worker-11] WARN  o.e.m.c.i.embedder.EclipseLogger - Using platform encoding (GBK actually) to copy filtered resources, i.e. build is platform dependent!
2019-03-08 15:51:49,601 [Worker-11] INFO  o.e.m.c.i.embedder.EclipseLogger - Copying 0 resource
2019-03-08 15:51:49,852 [Worker-11] WARN  o.e.m.c.i.embedder.EclipseLogger - Using platform encoding (GBK actually) to copy filtered resources, i.e. build is platform dependent!
2019-03-08 15:51:49,853 [Worker-11] INFO  o.e.m.c.i.embedder.EclipseLogger - Copying 0 resource
2019-03-08 15:51:49,854 [Worker-11] WARN  o.e.m.c.i.embedder.EclipseLogger - Using platform encoding (GBK actually) to copy filtered resources, i.e. build is platform dependent!
2019-03-08 15:51:49,854 [Worker-11] INFO  o.e.m.c.i.embedder.EclipseLogger - Copying 0 resource
2019-03-08 15:51:50,787 [Worker-11] WARN  o.e.m.c.i.embedder.EclipseLogger - The artifact org.apache.commons:commons-io:jar:1.3.2 has been relocated to commons-io:commons-io:jar:1.3.2
2019-03-08 15:51:50,994 [Worker-11] WARN  o.e.m.c.i.embedder.EclipseLogger - Using platform encoding (GBK actually) to copy filtered resources, i.e. build is platform dependent!
2019-03-08 15:51:50,995 [Worker-11] INFO  o.e.m.c.i.embedder.EclipseLogger - Copying 7 resources
2019-03-08 15:51:51,003 [Worker-11] WARN  o.e.m.c.i.embedder.EclipseLogger - Using platform encoding (GBK actually) to copy filtered resources, i.e. build is platform dependent!
2019-03-08 15:51:51,004 [Worker-11] INFO  o.e.m.c.i.embedder.EclipseLogger - Copying 0 resource
2019-03-08 15:51:51,684 [Worker-11] WARN  o.e.m.c.i.embedder.EclipseLogger - The artifact org.apache.commons:commons-io:jar:1.3.2 has been relocated to commons-io:commons-io:jar:1.3.2
2019-03-08 15:51:51,885 [Worker-11] WARN  o.e.m.c.i.embedder.EclipseLogger - Using platform encoding (GBK actually) to copy filtered resources, i.e. build is platform dependent!
2019-03-08 15:51:51,897 [Worker-11] INFO  o.e.m.c.i.embedder.EclipseLogger - Copying 8 resources
2019-03-08 15:51:51,903 [Worker-11] WARN  o.e.m.c.i.embedder.EclipseLogger - Using platform encoding (GBK actually) to copy filtered resources, i.e. build is platform dependent!
2019-03-08 15:51:51,903 [Worker-11] INFO  o.e.m.c.i.embedder.EclipseLogger - Copying 0 resource
2019-03-08 15:51:52,333 [Worker-11] WARN  o.e.m.c.i.embedder.EclipseLogger - The artifact org.apache.commons:commons-io:jar:1.3.2 has been relocated to commons-io:commons-io:jar:1.3.2
2019-03-08 15:51:52,512 [Worker-11] WARN  o.e.m.c.i.embedder.EclipseLogger - Using platform encoding (GBK actually) to copy filtered resources, i.e. build is platform dependent!
2019-03-08 15:51:52,514 [Worker-11] INFO  o.e.m.c.i.embedder.EclipseLogger - Copying 6 resources
2019-03-08 15:51:52,518 [Worker-11] WARN  o.e.m.c.i.embedder.EclipseLogger - Using platform encoding (GBK actually) to copy filtered resources, i.e. build is platform dependent!
2019-03-08 15:51:52,518 [Worker-11] INFO  o.e.m.c.i.embedder.EclipseLogger - Copying 0 resource
2019-03-08 15:53:36,670 [Worker-8] WARN  o.e.m.c.i.embedder.EclipseLogger - Using platform encoding (GBK actually) to copy filtered resources, i.e. build is platform dependent!
2019-03-08 15:53:36,671 [Worker-8] INFO  o.e.m.c.i.embedder.EclipseLogger - Copying 7 resources
2019-03-08 15:53:36,685 [Worker-8] WARN  o.e.m.c.i.embedder.EclipseLogger - Using platform encoding (GBK actually) to copy filtered resources, i.e. build is platform dependent!
2019-03-08 15:53:36,686 [Worker-8] INFO  o.e.m.c.i.embedder.EclipseLogger - Copying 0 resource
2019-03-08 15:53:36,687 [Worker-8] INFO  o.e.m.w.i.f.ResourceFilteringBuildParticipant - Changed resources require a complete clean of filtered resources of anim-console
2019-03-08 15:53:36,688 [Worker-8] INFO  o.e.m.w.i.f.ResourceFilteringBuildParticipant - Executing resource filtering for anim-console
2019-03-08 15:53:36,729 [Worker-8] WARN  o.e.m.c.i.embedder.EclipseLogger - Using platform encoding (GBK actually) to copy filtered resources, i.e. build is platform dependent!
